<?xml version="1.0" encoding="UTF-8"?>
<!-- Generated by org.testng.reporters.JUnitReportReporter -->
<testsuite hostname="LTP11" failures="0" tests="14" name="AASTestCase.MavenTest.ProductModuleTest" time="92.114" errors="0" timestamp="2020-08-10T09:59:08 SGT" skipped="0">
  <testcase classname="AASTestCase.MavenTest.ProductModuleTest" name="ExtraPTTest01" time="6.564"/>
  <system-out/>
  <testcase classname="AASTestCase.MavenTest.ProductModuleTest" name="ExtraPTTest01" time="6.510"/>
  <system-out/>
  <testcase classname="AASTestCase.MavenTest.ProductModuleTest" name="ExtraPTTest01" time="6.593"/>
  <system-out/>
  <testcase classname="AASTestCase.MavenTest.ProductModuleTest" name="ExtraPTTest01" time="6.498"/>
  <system-out/>
  <testcase classname="AASTestCase.MavenTest.ProductModuleTest" name="ExtraPTTest01" time="6.544"/>
  <system-out/>
  <testcase classname="AASTestCase.MavenTest.ProductModuleTest" name="ExtraPTTest01" time="6.520"/>
  <system-out/>
  <testcase classname="AASTestCase.MavenTest.ProductModuleTest" name="ExtraPTTest01" time="6.668"/>
  <system-out/>
  <testcase classname="AASTestCase.MavenTest.ProductModuleTest" name="ExtraPTTest01" time="6.502"/>
  <system-out/>
  <testcase classname="AASTestCase.MavenTest.ProductModuleTest" name="ExtraPTTest01" time="6.516"/>
  <system-out/>
  <testcase classname="AASTestCase.MavenTest.ProductModuleTest" name="ExtraPTTest01" time="6.651"/>
  <system-out/>
  <testcase classname="AASTestCase.MavenTest.ProductModuleTest" name="ExtraPTTest01" time="6.938"/>
  <system-out/>
  <testcase classname="AASTestCase.MavenTest.ProductModuleTest" name="ExtraPTTest01" time="6.475"/>
  <system-out/>
  <testcase classname="AASTestCase.MavenTest.ProductModuleTest" name="ExtraPTTest01" time="6.491"/>
  <system-out/>
  <testcase classname="AASTestCase.MavenTest.ProductModuleTest" name="ExtraPTTest01" time="6.644"/>
  <system-out/>
</testsuite> <!-- AASTestCase.MavenTest.ProductModuleTest -->
