<?xml version="1.0" encoding="UTF-8"?>
<!-- Generated by org.testng.reporters.JUnitReportReporter -->
<testsuite hostname="LTP11" failures="0" tests="15" name="AASTestCase.MavenTest.ProductModuleTest" time="0.027" errors="1" timestamp="2020-08-10T23:10:16 SGT" skipped="14">
  <testcase classname="AASTestCase.MavenTest.ProductModuleTest" name="ExtraPTTest01" time="0.000">
    <skipped/>
  </testcase> <!-- ExtraPTTest01 -->
  <system-out/>
  <testcase classname="AASTestCase.MavenTest.ProductModuleTest" name="ExtraPTTest01" time="0.000">
    <skipped/>
  </testcase> <!-- ExtraPTTest01 -->
  <system-out/>
  <testcase classname="AASTestCase.MavenTest.ProductModuleTest" name="loginTest" time="0.027">
    <error message="Cannot locate an element using xpath=//div[contains(@class,&#039;custom-dropdown&#039;)]/select
For documentation on this error, please visit: https://www.seleniumhq.org/exceptions/no_such_element.html
Build info: version: &#039;3.141.59&#039;, revision: &#039;e82be7d358&#039;, time: &#039;2018-11-14T08:17:03&#039;
System info: host: &#039;LTP11&#039;, ip: &#039;192.168.0.44&#039;, os.name: &#039;Windows 10&#039;, os.arch: &#039;amd64&#039;, os.version: &#039;10.0&#039;, java.version: &#039;14.0.1&#039;
Driver info: driver.version: RemoteWebDriver" type="org.openqa.selenium.NoSuchElementException">
      <![CDATA[org.openqa.selenium.NoSuchElementException: Cannot locate an element using xpath=//div[contains(@class,'custom-dropdown')]/select
For documentation on this error, please visit: https://www.seleniumhq.org/exceptions/no_such_element.html
Build info: version: '3.141.59', revision: 'e82be7d358', time: '2018-11-14T08:17:03'
System info: host: 'LTP11', ip: '192.168.0.44', os.name: 'Windows 10', os.arch: 'amd64', os.version: '10.0', java.version: '14.0.1'
Driver info: driver.version: RemoteWebDriver
at org.openqa.selenium.remote.RemoteWebDriver.findElement(RemoteWebDriver.java:327)
at org.openqa.selenium.remote.RemoteWebDriver.findElementByXPath(RemoteWebDriver.java:428)
at org.openqa.selenium.By$ByXPath.findElement(By.java:353)
at org.openqa.selenium.remote.RemoteWebDriver.findElement(RemoteWebDriver.java:315)
at AASTestCase.MavenTest.LoginPageTest.selectLangauge(LoginPageTest.java:45)
at AASTestCase.MavenTest.LoginPageTest.login(LoginPageTest.java:23)
at AASTestCase.MavenTest.ProductModuleTest.loginTest(ProductModuleTest.java:63)
at java.base/jdk.internal.reflect.NativeMethodAccessorImpl.invoke0(Native Method)
at java.base/jdk.internal.reflect.NativeMethodAccessorImpl.invoke(NativeMethodAccessorImpl.java:62)
at java.base/jdk.internal.reflect.DelegatingMethodAccessorImpl.invoke(DelegatingMethodAccessorImpl.java:43)
at java.base/java.lang.reflect.Method.invoke(Method.java:564)
at org.testng.internal.MethodInvocationHelper.invokeMethod(MethodInvocationHelper.java:135)
at org.testng.internal.MethodInvocationHelper.invokeMethodConsideringTimeout(MethodInvocationHelper.java:64)
at org.testng.internal.ConfigInvoker.invokeConfigurationMethod(ConfigInvoker.java:364)
at org.testng.internal.ConfigInvoker.invokeConfigurations(ConfigInvoker.java:318)
at org.testng.internal.TestMethodWorker.invokeBeforeClassMethods(TestMethodWorker.java:176)
at org.testng.internal.TestMethodWorker.run(TestMethodWorker.java:122)
at java.base/java.util.ArrayList.forEach(ArrayList.java:1510)
at org.testng.TestRunner.privateRun(TestRunner.java:767)
at org.testng.TestRunner.run(TestRunner.java:588)
at org.testng.SuiteRunner.runTest(SuiteRunner.java:384)
at org.testng.SuiteRunner.runSequentially(SuiteRunner.java:378)
at org.testng.SuiteRunner.privateRun(SuiteRunner.java:337)
at org.testng.SuiteRunner.run(SuiteRunner.java:286)
at org.testng.SuiteRunnerWorker.runSuite(SuiteRunnerWorker.java:53)
at org.testng.SuiteRunnerWorker.run(SuiteRunnerWorker.java:96)
at org.testng.TestNG.runSuitesSequentially(TestNG.java:1214)
at org.testng.TestNG.runSuitesLocally(TestNG.java:1136)
at org.testng.TestNG.runSuites(TestNG.java:1066)
at org.testng.TestNG.run(TestNG.java:1034)
at org.testng.remote.AbstractRemoteTestNG.run(AbstractRemoteTestNG.java:115)
at org.testng.remote.RemoteTestNG.initAndRun(RemoteTestNG.java:251)
at org.testng.remote.RemoteTestNG.main(RemoteTestNG.java:77)
]]>
    </error>
  </testcase> <!-- loginTest -->
  <system-out/>
  <testcase classname="AASTestCase.MavenTest.ProductModuleTest" name="ExtraPTTest01" time="0.000">
    <skipped/>
  </testcase> <!-- ExtraPTTest01 -->
  <system-out/>
  <testcase classname="AASTestCase.MavenTest.ProductModuleTest" name="ExtraPTTest01" time="0.000">
    <skipped/>
  </testcase> <!-- ExtraPTTest01 -->
  <system-out/>
  <testcase classname="AASTestCase.MavenTest.ProductModuleTest" name="ExtraPTTest01" time="0.000">
    <skipped/>
  </testcase> <!-- ExtraPTTest01 -->
  <system-out/>
  <testcase classname="AASTestCase.MavenTest.ProductModuleTest" name="ExtraPTTest01" time="0.000">
    <skipped/>
  </testcase> <!-- ExtraPTTest01 -->
  <system-out/>
  <testcase classname="AASTestCase.MavenTest.ProductModuleTest" name="ExtraPTTest01" time="0.000">
    <skipped/>
  </testcase> <!-- ExtraPTTest01 -->
  <system-out/>
  <testcase classname="AASTestCase.MavenTest.ProductModuleTest" name="ExtraPTTest01" time="0.000">
    <skipped/>
  </testcase> <!-- ExtraPTTest01 -->
  <system-out/>
  <testcase classname="AASTestCase.MavenTest.ProductModuleTest" name="ExtraPTTest01" time="0.000">
    <skipped/>
  </testcase> <!-- ExtraPTTest01 -->
  <system-out/>
  <testcase classname="AASTestCase.MavenTest.ProductModuleTest" name="ExtraPTTest01" time="0.000">
    <skipped/>
  </testcase> <!-- ExtraPTTest01 -->
  <system-out/>
  <testcase classname="AASTestCase.MavenTest.ProductModuleTest" name="ExtraPTTest01" time="0.000">
    <skipped/>
  </testcase> <!-- ExtraPTTest01 -->
  <system-out/>
  <testcase classname="AASTestCase.MavenTest.ProductModuleTest" name="ExtraPTTest01" time="0.000">
    <skipped/>
  </testcase> <!-- ExtraPTTest01 -->
  <system-out/>
  <testcase classname="AASTestCase.MavenTest.ProductModuleTest" name="ExtraPTTest01" time="0.000">
    <skipped/>
  </testcase> <!-- ExtraPTTest01 -->
  <system-out/>
  <testcase classname="AASTestCase.MavenTest.ProductModuleTest" name="ExtraPTTest01" time="0.000">
    <skipped/>
  </testcase> <!-- ExtraPTTest01 -->
  <system-out/>
</testsuite> <!-- AASTestCase.MavenTest.ProductModuleTest -->
