<?xml version="1.0" encoding="UTF-8"?>
<!-- Generated by org.testng.reporters.JUnitReportReporter -->
<testsuite hostname="LTP11" failures="0" tests="14" name="AASTestCase.MavenTest.ProductModuleTest" time="93.414" errors="0" timestamp="2020-08-10T19:10:14 SGT" skipped="0">
  <testcase classname="AASTestCase.MavenTest.ProductModuleTest" name="ExtraPTTest01" time="6.590"/>
  <system-out/>
  <testcase classname="AASTestCase.MavenTest.ProductModuleTest" name="ExtraPTTest01" time="6.616"/>
  <system-out/>
  <testcase classname="AASTestCase.MavenTest.ProductModuleTest" name="ExtraPTTest01" time="6.704"/>
  <system-out/>
  <testcase classname="AASTestCase.MavenTest.ProductModuleTest" name="ExtraPTTest01" time="6.633"/>
  <system-out/>
  <testcase classname="AASTestCase.MavenTest.ProductModuleTest" name="ExtraPTTest01" time="6.624"/>
  <system-out/>
  <testcase classname="AASTestCase.MavenTest.ProductModuleTest" name="ExtraPTTest01" time="6.594"/>
  <system-out/>
  <testcase classname="AASTestCase.MavenTest.ProductModuleTest" name="ExtraPTTest01" time="6.794"/>
  <system-out/>
  <testcase classname="AASTestCase.MavenTest.ProductModuleTest" name="ExtraPTTest01" time="6.656"/>
  <system-out/>
  <testcase classname="AASTestCase.MavenTest.ProductModuleTest" name="ExtraPTTest01" time="6.803"/>
  <system-out/>
  <testcase classname="AASTestCase.MavenTest.ProductModuleTest" name="ExtraPTTest01" time="6.659"/>
  <system-out/>
  <testcase classname="AASTestCase.MavenTest.ProductModuleTest" name="ExtraPTTest01" time="6.695"/>
  <system-out/>
  <testcase classname="AASTestCase.MavenTest.ProductModuleTest" name="ExtraPTTest01" time="6.728"/>
  <system-out/>
  <testcase classname="AASTestCase.MavenTest.ProductModuleTest" name="ExtraPTTest01" time="6.649"/>
  <system-out/>
  <testcase classname="AASTestCase.MavenTest.ProductModuleTest" name="ExtraPTTest01" time="6.669"/>
  <system-out/>
</testsuite> <!-- AASTestCase.MavenTest.ProductModuleTest -->
