<?xml version="1.0" encoding="UTF-8"?>
<!-- Generated by org.testng.reporters.JUnitReportReporter -->
<testsuite hostname="LTP11" failures="0" tests="15" name="AASTestCase.MavenTest.ProductModuleTest" time="13.471" errors="1" timestamp="2020-08-09T16:29:25 SGT" skipped="14">
  <testcase classname="AASTestCase.MavenTest.ProductModuleTest" name="ExtraPTTest01" time="0.000">
    <skipped/>
  </testcase> <!-- ExtraPTTest01 -->
  <system-out/>
  <testcase classname="AASTestCase.MavenTest.ProductModuleTest" name="ExtraPTTest01" time="0.000">
    <skipped/>
  </testcase> <!-- ExtraPTTest01 -->
  <system-out/>
  <testcase classname="AASTestCase.MavenTest.ProductModuleTest" name="ExtraPTTest01" time="0.000">
    <skipped/>
  </testcase> <!-- ExtraPTTest01 -->
  <system-out/>
  <testcase classname="AASTestCase.MavenTest.ProductModuleTest" name="ExtraPTTest01" time="0.000">
    <skipped/>
  </testcase> <!-- ExtraPTTest01 -->
  <system-out/>
  <testcase classname="AASTestCase.MavenTest.ProductModuleTest" name="setUP" time="13.471">
    <error message="session not created
from chrome not reachable
  (Session info: chrome=84.0.4147.105)
Build info: version: &#039;3.141.59&#039;, revision: &#039;e82be7d358&#039;, time: &#039;2018-11-14T08:17:03&#039;
System info: host: &#039;LTP11&#039;, ip: &#039;192.168.0.105&#039;, os.name: &#039;Windows 10&#039;, os.arch: &#039;amd64&#039;, os.version: &#039;10.0&#039;, java.version: &#039;14.0.1&#039;
Driver info: driver.version: ChromeDriver
remote stacktrace: Backtrace:
	Ordinal0 [0x00D49563+2725219]
	Ordinal0 [0x00C48551+1672529]
	Ordinal0 [0x00B30202+524802]
	Ordinal0 [0x00B299B2+498098]
	Ordinal0 [0x00B2A09B+499867]
	Ordinal0 [0x00B2AFF5+503797]
	Ordinal0 [0x00B26994+485780]
	Ordinal0 [0x00B30FF0+528368]
	Ordinal0 [0x00ADD6C9+186057]
	Ordinal0 [0x00ADCA3D+182845]
	Ordinal0 [0x00ADA94B+174411]
	Ordinal0 [0x00AC2528+75048]
	Ordinal0 [0x00AC35A0+79264]
	Ordinal0 [0x00AC3539+79161]
	Ordinal0 [0x00C5D607+1758727]
	GetHandleVerifier [0x00E66546+1050150]
	GetHandleVerifier [0x00E66291+1049457]
	GetHandleVerifier [0x00E710D7+1094071]
	GetHandleVerifier [0x00E66B46+1051686]
	Ordinal0 [0x00C55B06+1727238]
	Ordinal0 [0x00C5EB7B+1764219]
	Ordinal0 [0x00C5ECE3+1764579]
	Ordinal0 [0x00C74C05+1854469]
	BaseThreadInitThunk [0x757C6359+25]
	RtlGetAppContainerNamedObjectPath [0x774D7C24+228]
	RtlGetAppContainerNamedObjectPath [0x774D7BF4+180]
" type="org.openqa.selenium.SessionNotCreatedException">
      <![CDATA[org.openqa.selenium.SessionNotCreatedException: session not created
from chrome not reachable
  (Session info: chrome=84.0.4147.105)
Build info: version: '3.141.59', revision: 'e82be7d358', time: '2018-11-14T08:17:03'
System info: host: 'LTP11', ip: '192.168.0.105', os.name: 'Windows 10', os.arch: 'amd64', os.version: '10.0', java.version: '14.0.1'
Driver info: driver.version: ChromeDriver
remote stacktrace: Backtrace:
Ordinal0 [0x00D49563+2725219]
Ordinal0 [0x00C48551+1672529]
Ordinal0 [0x00B30202+524802]
Ordinal0 [0x00B299B2+498098]
Ordinal0 [0x00B2A09B+499867]
Ordinal0 [0x00B2AFF5+503797]
Ordinal0 [0x00B26994+485780]
Ordinal0 [0x00B30FF0+528368]
Ordinal0 [0x00ADD6C9+186057]
Ordinal0 [0x00ADCA3D+182845]
Ordinal0 [0x00ADA94B+174411]
Ordinal0 [0x00AC2528+75048]
Ordinal0 [0x00AC35A0+79264]
Ordinal0 [0x00AC3539+79161]
Ordinal0 [0x00C5D607+1758727]
GetHandleVerifier [0x00E66546+1050150]
GetHandleVerifier [0x00E66291+1049457]
GetHandleVerifier [0x00E710D7+1094071]
GetHandleVerifier [0x00E66B46+1051686]
Ordinal0 [0x00C55B06+1727238]
Ordinal0 [0x00C5EB7B+1764219]
Ordinal0 [0x00C5ECE3+1764579]
Ordinal0 [0x00C74C05+1854469]
BaseThreadInitThunk [0x757C6359+25]
RtlGetAppContainerNamedObjectPath [0x774D7C24+228]
RtlGetAppContainerNamedObjectPath [0x774D7BF4+180]

at java.base/jdk.internal.reflect.NativeConstructorAccessorImpl.newInstance0(Native Method)
at java.base/jdk.internal.reflect.NativeConstructorAccessorImpl.newInstance(NativeConstructorAccessorImpl.java:62)
at java.base/jdk.internal.reflect.DelegatingConstructorAccessorImpl.newInstance(DelegatingConstructorAccessorImpl.java:45)
at java.base/java.lang.reflect.Constructor.newInstanceWithCaller(Constructor.java:500)
at java.base/java.lang.reflect.Constructor.newInstance(Constructor.java:481)
at org.openqa.selenium.remote.W3CHandshakeResponse.lambda$errorHandler$0(W3CHandshakeResponse.java:62)
at org.openqa.selenium.remote.HandshakeResponse.lambda$getResponseFunction$0(HandshakeResponse.java:30)
at org.openqa.selenium.remote.ProtocolHandshake.lambda$createSession$0(ProtocolHandshake.java:126)
at java.base/java.util.stream.ReferencePipeline$3$1.accept(ReferencePipeline.java:195)
at java.base/java.util.Spliterators$ArraySpliterator.tryAdvance(Spliterators.java:958)
at java.base/java.util.stream.ReferencePipeline.forEachWithCancel(ReferencePipeline.java:127)
at java.base/java.util.stream.AbstractPipeline.copyIntoWithCancel(AbstractPipeline.java:502)
at java.base/java.util.stream.AbstractPipeline.copyInto(AbstractPipeline.java:488)
at java.base/java.util.stream.AbstractPipeline.wrapAndCopyInto(AbstractPipeline.java:474)
at java.base/java.util.stream.FindOps$FindOp.evaluateSequential(FindOps.java:150)
at java.base/java.util.stream.AbstractPipeline.evaluate(AbstractPipeline.java:234)
at java.base/java.util.stream.ReferencePipeline.findFirst(ReferencePipeline.java:543)
at org.openqa.selenium.remote.ProtocolHandshake.createSession(ProtocolHandshake.java:128)
at org.openqa.selenium.remote.ProtocolHandshake.createSession(ProtocolHandshake.java:74)
at org.openqa.selenium.remote.HttpCommandExecutor.execute(HttpCommandExecutor.java:136)
at org.openqa.selenium.remote.service.DriverCommandExecutor.execute(DriverCommandExecutor.java:83)
at org.openqa.selenium.remote.RemoteWebDriver.execute(RemoteWebDriver.java:552)
at org.openqa.selenium.remote.RemoteWebDriver.startSession(RemoteWebDriver.java:213)
at org.openqa.selenium.remote.RemoteWebDriver.<init>(RemoteWebDriver.java:131)
at org.openqa.selenium.chrome.ChromeDriver.<init>(ChromeDriver.java:181)
at org.openqa.selenium.chrome.ChromeDriver.<init>(ChromeDriver.java:168)
at org.openqa.selenium.chrome.ChromeDriver.<init>(ChromeDriver.java:157)
at AASTestCase.MavenTest.ChromeDriverManager.createWebDriver(ChromeDriverManager.java:11)
at AASTestCase.MavenTest.DriverManager.getWebDriver(DriverManager.java:19)
at AASTestCase.MavenTest.ProductModuleTest.setUP(ProductModuleTest.java:49)
at java.base/jdk.internal.reflect.NativeMethodAccessorImpl.invoke0(Native Method)
at java.base/jdk.internal.reflect.NativeMethodAccessorImpl.invoke(NativeMethodAccessorImpl.java:62)
at java.base/jdk.internal.reflect.DelegatingMethodAccessorImpl.invoke(DelegatingMethodAccessorImpl.java:43)
at java.base/java.lang.reflect.Method.invoke(Method.java:564)
at org.testng.internal.MethodInvocationHelper.invokeMethod(MethodInvocationHelper.java:135)
at org.testng.internal.MethodInvocationHelper.invokeMethodConsideringTimeout(MethodInvocationHelper.java:64)
at org.testng.internal.ConfigInvoker.invokeConfigurationMethod(ConfigInvoker.java:364)
at org.testng.internal.ConfigInvoker.invokeConfigurations(ConfigInvoker.java:318)
at org.testng.TestRunner.invokeTestConfigurations(TestRunner.java:620)
at org.testng.TestRunner.beforeRun(TestRunner.java:610)
at org.testng.TestRunner.run(TestRunner.java:581)
at org.testng.SuiteRunner.runTest(SuiteRunner.java:384)
at org.testng.SuiteRunner.runSequentially(SuiteRunner.java:378)
at org.testng.SuiteRunner.privateRun(SuiteRunner.java:337)
at org.testng.SuiteRunner.run(SuiteRunner.java:286)
at org.testng.SuiteRunnerWorker.runSuite(SuiteRunnerWorker.java:53)
at org.testng.SuiteRunnerWorker.run(SuiteRunnerWorker.java:96)
at org.testng.TestNG.runSuitesSequentially(TestNG.java:1214)
at org.testng.TestNG.runSuitesLocally(TestNG.java:1136)
at org.testng.TestNG.runSuites(TestNG.java:1066)
at org.testng.TestNG.run(TestNG.java:1034)
at org.testng.remote.AbstractRemoteTestNG.run(AbstractRemoteTestNG.java:115)
at org.testng.remote.RemoteTestNG.initAndRun(RemoteTestNG.java:251)
at org.testng.remote.RemoteTestNG.main(RemoteTestNG.java:77)
]]>
    </error>
  </testcase> <!-- setUP -->
  <system-out/>
  <testcase classname="AASTestCase.MavenTest.ProductModuleTest" name="ExtraPTTest01" time="0.000">
    <skipped/>
  </testcase> <!-- ExtraPTTest01 -->
  <system-out/>
  <testcase classname="AASTestCase.MavenTest.ProductModuleTest" name="ExtraPTTest01" time="0.000">
    <skipped/>
  </testcase> <!-- ExtraPTTest01 -->
  <system-out/>
  <testcase classname="AASTestCase.MavenTest.ProductModuleTest" name="ExtraPTTest01" time="0.000">
    <skipped/>
  </testcase> <!-- ExtraPTTest01 -->
  <system-out/>
  <testcase classname="AASTestCase.MavenTest.ProductModuleTest" name="ExtraPTTest01" time="0.000">
    <skipped/>
  </testcase> <!-- ExtraPTTest01 -->
  <system-out/>
  <testcase classname="AASTestCase.MavenTest.ProductModuleTest" name="ExtraPTTest01" time="0.000">
    <skipped/>
  </testcase> <!-- ExtraPTTest01 -->
  <system-out/>
  <testcase classname="AASTestCase.MavenTest.ProductModuleTest" name="ExtraPTTest01" time="0.000">
    <skipped/>
  </testcase> <!-- ExtraPTTest01 -->
  <system-out/>
  <testcase classname="AASTestCase.MavenTest.ProductModuleTest" name="ExtraPTTest01" time="0.000">
    <skipped/>
  </testcase> <!-- ExtraPTTest01 -->
  <system-out/>
  <testcase classname="AASTestCase.MavenTest.ProductModuleTest" name="ExtraPTTest01" time="0.000">
    <skipped/>
  </testcase> <!-- ExtraPTTest01 -->
  <system-out/>
  <testcase classname="AASTestCase.MavenTest.ProductModuleTest" name="ExtraPTTest01" time="0.000">
    <skipped/>
  </testcase> <!-- ExtraPTTest01 -->
  <system-out/>
  <testcase classname="AASTestCase.MavenTest.ProductModuleTest" name="ExtraPTTest01" time="0.000">
    <skipped/>
  </testcase> <!-- ExtraPTTest01 -->
  <system-out/>
</testsuite> <!-- AASTestCase.MavenTest.ProductModuleTest -->
